2025-10-09 03:17:06.334 | INFO     | logging_config:setup_logging:279 | Logging initialized | Level: INFO | Base Directory: logs_folder (IST)
2025-10-09 03:17:06.421 | INFO     | __main__:<module>:32 | Using Windows Proactor event loop for optimal performance
2025-10-09 03:18:12.643 | INFO     | logging_config:setup_logging:279 | Logging initialized | Level: INFO | Base Directory: logs_folder (IST)
2025-10-09 03:18:12.775 | INFO     | __main__:<module>:32 | Using Windows Proactor event loop for optimal performance
2025-10-09 03:18:12.778 | INFO     | log_listner:__init__:430 | LogMonitor initialized | Path: C:\Program Files (x86)\Stoxxo\Logs | Target: GridLog.csv | Recursive: True
2025-10-09 03:20:01.737 | INFO     | logging_config:setup_logging:279 | Logging initialized | Level: INFO | Base Directory: logs_folder (IST)
2025-10-09 03:20:01.797 | INFO     | __main__:<module>:32 | Using Windows Proactor event loop for optimal performance
2025-10-09 03:20:01.799 | INFO     | log_listner:__init__:430 | LogMonitor initialized | Path: C:\Program Files (x86)\Stoxxo\Logs | Target: GridLog.csv | Recursive: True
2025-10-09 03:21:30.881 | INFO     | logging_config:setup_logging:279 | Logging initialized | Level: INFO | Base Directory: logs_folder (IST)
2025-10-09 03:21:30.939 | INFO     | __main__:<module>:32 | Using Windows Proactor event loop for optimal performance
2025-10-09 03:21:30.940 | INFO     | log_listner:__init__:430 | LogMonitor initialized | Path: C:\Program Files (x86)\Stoxxo\Logs | Target: GridLog.csv | Recursive: True
2025-10-09 03:24:38.239 | INFO     | logging_config:setup_logging:279 | Logging initialized | Level: INFO | Base Directory: logs_folder (IST)
2025-10-09 03:24:38.297 | INFO     | __main__:<module>:32 | Using Windows Proactor event loop for optimal performance
2025-10-09 03:24:38.300 | INFO     | log_listner:__init__:430 | LogMonitor initialized | Path: C:\Program Files (x86)\Stoxxo\Logs | Target: GridLog.csv | Recursive: True
2025-10-09 03:24:38.724 | INFO     | __main__:main:113 | System starting... Press Ctrl+C to exit.
2025-10-09 03:24:38.725 | INFO     | __main__:start:71 | Starting order Processing System...
2025-10-09 03:24:38.725 | INFO     | __main__:start:74 | Starting log monitor...
2025-10-09 03:24:38.726 | INFO     | log_listner:__init__:260 | GridLogEventHandler initialized | Target: GridLog.csv
2025-10-09 03:24:38.727 | INFO     | log_listner:start:468 | LogMonitor started | Watching: C:\Program Files (x86)\Stoxxo\Logs | Recursive: True | Target file: GridLog.csv
2025-10-09 03:24:38.727 | INFO     | __main__:start:76 | Log monitor started.
2025-10-09 03:24:38.728 | INFO     | __main__:start:79 | Starting processing tasks...
2025-10-09 03:25:05.634 | INFO     | log_listner:_get_file_handle:304 | Opened new file handle: C:\Program Files (x86)\Stoxxo\Logs\09-Oct-2025\GridLog.csv
2025-10-09 03:25:08.654 | WARNING  | log_listner:_process_file_changes:331 | Trading not allowed: Outside trading hours: 03:25:08
2025-10-09 03:25:24.427 | INFO     | __main__:main:126 | Shutdown signal received. Cleaning up...
2025-10-09 03:25:24.428 | INFO     | __main__:stop:88 | Stopping Order Processing System...
2025-10-09 03:25:24.429 | INFO     | log_listner:stop:479 | Stopping LogMonitor...
2025-10-09 03:25:24.430 | INFO     | log_listner:close:362 | Closed file handle
2025-10-09 03:25:24.451 | INFO     | log_listner:stop:485 | LogMonitor stopped
2025-10-09 03:25:24.452 | INFO     | __main__:stop:96 | System stopped successfully
2025-10-09 03:27:25.756 | INFO     | logging_config:setup_logging:279 | Logging initialized | Level: INFO | Base Directory: logs_folder (IST)
2025-10-09 03:27:25.824 | INFO     | __main__:<module>:32 | Using Windows Proactor event loop for optimal performance
2025-10-09 03:27:25.826 | INFO     | log_listner:__init__:430 | LogMonitor initialized | Path: C:\Program Files (x86)\Stoxxo\Logs | Target: GridLog.csv | Recursive: True
2025-10-09 03:27:26.252 | INFO     | __main__:main:113 | System starting... Press Ctrl+C to exit.
2025-10-09 03:27:26.253 | INFO     | __main__:start:71 | Starting order Processing System...
2025-10-09 03:27:26.253 | INFO     | __main__:start:74 | Starting log monitor...
2025-10-09 03:27:26.253 | INFO     | log_listner:__init__:260 | GridLogEventHandler initialized | Target: GridLog.csv
2025-10-09 03:27:26.254 | INFO     | log_listner:start:468 | LogMonitor started | Watching: C:\Program Files (x86)\Stoxxo\Logs | Recursive: True | Target file: GridLog.csv
2025-10-09 03:27:26.255 | INFO     | __main__:start:76 | Log monitor started.
2025-10-09 03:27:26.255 | INFO     | __main__:start:79 | Starting processing tasks...
2025-10-09 03:27:45.727 | INFO     | log_listner:_get_file_handle:304 | Opened new file handle: C:\Program Files (x86)\Stoxxo\Logs\09-Oct-2025\GridLog.csv
2025-10-09 03:27:48.755 | WARNING  | log_listner:_process_file_changes:331 | Trading not allowed: Outside trading hours: 03:27:48
2025-10-09 03:27:49.766 | WARNING  | log_listner:_process_file_changes:331 | Trading not allowed: Outside trading hours: 03:27:49
2025-10-09 03:28:38.119 | INFO     | __main__:main:126 | Shutdown signal received. Cleaning up...
2025-10-09 03:28:38.120 | INFO     | __main__:stop:88 | Stopping Order Processing System...
2025-10-09 03:28:38.120 | INFO     | log_listner:stop:479 | Stopping LogMonitor...
2025-10-09 03:28:38.121 | INFO     | log_listner:close:362 | Closed file handle
2025-10-09 03:28:38.147 | INFO     | log_listner:stop:485 | LogMonitor stopped
2025-10-09 03:28:38.149 | INFO     | __main__:stop:96 | System stopped successfully
2025-10-09 03:28:43.585 | INFO     | logging_config:setup_logging:279 | Logging initialized | Level: INFO | Base Directory: logs_folder (IST)
2025-10-09 03:28:43.647 | INFO     | __main__:<module>:32 | Using Windows Proactor event loop for optimal performance
2025-10-09 03:28:43.650 | INFO     | log_listner:__init__:430 | LogMonitor initialized | Path: C:\Program Files (x86)\Stoxxo\Logs | Target: GridLog.csv | Recursive: True
2025-10-09 03:28:44.201 | INFO     | __main__:main:113 | System starting... Press Ctrl+C to exit.
2025-10-09 03:28:44.202 | INFO     | __main__:start:71 | Starting order Processing System...
2025-10-09 03:28:44.202 | INFO     | __main__:start:74 | Starting log monitor...
2025-10-09 03:28:44.203 | INFO     | log_listner:__init__:260 | GridLogEventHandler initialized | Target: GridLog.csv
2025-10-09 03:28:44.204 | INFO     | log_listner:start:468 | LogMonitor started | Watching: C:\Program Files (x86)\Stoxxo\Logs | Recursive: True | Target file: GridLog.csv
2025-10-09 03:28:44.204 | INFO     | __main__:start:76 | Log monitor started.
2025-10-09 03:28:44.205 | INFO     | __main__:start:79 | Starting processing tasks...
2025-10-09 03:28:50.768 | INFO     | log_listner:_get_file_handle:304 | Opened new file handle: C:\Program Files (x86)\Stoxxo\Logs\09-Oct-2025\GridLog.csv
2025-10-09 03:30:17.605 | INFO     | log_listner:_process_file_changes:350 | Queued 2 orders for processing from GridLog.csv
2025-10-09 03:30:18.615 | INFO     | log_listner:_process_file_changes:350 | Queued 2 orders for processing from GridLog.csv
2025-10-09 03:36:41.639 | INFO     | __main__:main:126 | Shutdown signal received. Cleaning up...
2025-10-09 03:36:41.640 | INFO     | __main__:stop:88 | Stopping Order Processing System...
2025-10-09 03:36:41.641 | INFO     | log_listner:stop:479 | Stopping LogMonitor...
2025-10-09 03:36:41.641 | INFO     | log_listner:close:362 | Closed file handle
2025-10-09 03:36:41.665 | INFO     | log_listner:stop:485 | LogMonitor stopped
2025-10-09 03:36:41.666 | INFO     | __main__:stop:96 | System stopped successfully
2025-10-09 03:36:46.889 | INFO     | logging_config:setup_logging:279 | Logging initialized | Level: INFO | Base Directory: logs_folder (IST)
2025-10-09 03:36:47.067 | INFO     | __main__:<module>:32 | Using Windows Proactor event loop for optimal performance
2025-10-09 03:36:47.069 | INFO     | log_listner:__init__:430 | LogMonitor initialized | Path: C:\Program Files (x86)\Stoxxo\Logs | Target: GridLog.csv | Recursive: True
2025-10-09 03:36:47.501 | INFO     | __main__:main:113 | System starting... Press Ctrl+C to exit.
2025-10-09 03:36:47.501 | INFO     | __main__:start:71 | Starting order Processing System...
2025-10-09 03:36:47.502 | INFO     | __main__:start:74 | Starting log monitor...
2025-10-09 03:36:47.502 | INFO     | log_listner:__init__:260 | GridLogEventHandler initialized | Target: GridLog.csv
2025-10-09 03:36:47.504 | INFO     | log_listner:start:468 | LogMonitor started | Watching: C:\Program Files (x86)\Stoxxo\Logs | Recursive: True | Target file: GridLog.csv
2025-10-09 03:36:47.504 | INFO     | __main__:start:76 | Log monitor started.
2025-10-09 03:36:47.504 | INFO     | __main__:start:79 | Starting processing tasks...
2025-10-09 03:37:15.776 | INFO     | log_listner:_get_file_handle:304 | Opened new file handle: C:\Program Files (x86)\Stoxxo\Logs\09-Oct-2025\GridLog.csv
2025-10-09 03:37:16.782 | INFO     | log_listner:_process_file_changes:350 | Queued 2 orders for processing from GridLog.csv
2025-10-09 03:37:16.789 | ERROR    | models:dump_data_to_log:124 | Error while logging order data: Object of type OptionType is not JSON serializable
2025-10-09 03:37:16.798 | ERROR    | models:dump_data_to_log:124 | Error while logging order data: Object of type OptionType is not JSON serializable
2025-10-09 03:37:17.788 | INFO     | log_listner:_process_file_changes:350 | Queued 2 orders for processing from GridLog.csv
2025-10-09 03:37:17.790 | ERROR    | models:dump_data_to_log:124 | Error while logging order data: Object of type OptionType is not JSON serializable
2025-10-09 03:37:17.796 | ERROR    | models:dump_data_to_log:124 | Error while logging order data: Object of type OptionType is not JSON serializable
2025-10-09 03:40:25.085 | INFO     | __main__:main:126 | Shutdown signal received. Cleaning up...
2025-10-09 03:40:25.086 | INFO     | __main__:stop:88 | Stopping Order Processing System...
2025-10-09 03:40:25.086 | INFO     | log_listner:stop:479 | Stopping LogMonitor...
2025-10-09 03:40:25.087 | INFO     | log_listner:close:362 | Closed file handle
2025-10-09 03:40:25.103 | INFO     | log_listner:stop:485 | LogMonitor stopped
2025-10-09 03:40:25.104 | INFO     | __main__:stop:96 | System stopped successfully
2025-10-09 03:40:31.773 | INFO     | logging_config:setup_logging:279 | Logging initialized | Level: INFO | Base Directory: logs_folder (IST)
2025-10-09 03:40:31.847 | INFO     | __main__:<module>:32 | Using Windows Proactor event loop for optimal performance
2025-10-09 03:40:31.848 | INFO     | log_listner:__init__:430 | LogMonitor initialized | Path: C:\Program Files (x86)\Stoxxo\Logs | Target: GridLog.csv | Recursive: True
2025-10-09 03:40:32.245 | INFO     | __main__:main:113 | System starting... Press Ctrl+C to exit.
2025-10-09 03:40:32.245 | INFO     | __main__:start:71 | Starting order Processing System...
2025-10-09 03:40:32.246 | INFO     | __main__:start:74 | Starting log monitor...
2025-10-09 03:40:32.246 | INFO     | log_listner:__init__:260 | GridLogEventHandler initialized | Target: GridLog.csv
2025-10-09 03:40:32.247 | INFO     | log_listner:start:468 | LogMonitor started | Watching: C:\Program Files (x86)\Stoxxo\Logs | Recursive: True | Target file: GridLog.csv
2025-10-09 03:40:32.247 | INFO     | __main__:start:76 | Log monitor started.
2025-10-09 03:40:32.248 | INFO     | __main__:start:79 | Starting processing tasks...
2025-10-09 03:40:49.546 | INFO     | log_listner:_get_file_handle:304 | Opened new file handle: C:\Program Files (x86)\Stoxxo\Logs\09-Oct-2025\GridLog.csv
2025-10-09 03:41:34.967 | INFO     | log_listner:_process_file_changes:350 | Queued 2 orders for processing from GridLog.csv
2025-10-09 03:41:34.970 | INFO     | models:dump_data_to_log:115 | {"stoxxo_timestamp": "2025-10-09 03:41:34.338", "stoxxo_latency": "628ms", "application_timestamp": "2025-10-09 03:41:34.966", "sent_timestamp": "2025-10-08 22:11:34.970", "application_latency": -19799995, "pipeline_latency": -19799367, "stoxxo_order": "03:41:34:338,TRADING,Initiating Order Placement for User: SIMULATED1 (SIM1 - APITest); Leg ID: 1169; Symbol: NIFTY 14TH OCT 26000 CE; Qty: 525; Txn: BUY; Portfolio: FRI-NIFTY-14.45; IsExit: False; ExitSL: False; OrderType: MARKET; AtBroker: None,SIM1,TEST,FRI-NIFTY-14.45\n", "order_summary": {"order_id": "1169", "strategy_tag": "SIM1", "index": "NIFTY", "strike": "26000", "quantity": "525", "expiry": "14TH OCT", "order_type": "BUY", "exchange": "NFO", "product": "NRML", "option_type": 1}, "mapped_order": {}, "order_status": "failed", "error_message": "No mapping found for index: NIFTY"}
2025-10-09 03:41:34.978 | INFO     | models:dump_data_to_log:120 | {"stoxxo_timestamp": "2025-10-09 03:41:34.338", "stoxxo_latency": "628ms", "application_timestamp": "2025-10-09 03:41:34.966", "sent_timestamp": "2025-10-08 22:11:34.970", "application_latency": -19799995, "pipeline_latency": -19799367, "stoxxo_order": "03:41:34:338,TRADING,Initiating Order Placement for User: SIMULATED1 (SIM1 - APITest); Leg ID: 1169; Symbol: NIFTY 14TH OCT 26000 CE; Qty: 525; Txn: BUY; Portfolio: FRI-NIFTY-14.45; IsExit: False; ExitSL: False; OrderType: MARKET; AtBroker: None,SIM1,TEST,FRI-NIFTY-14.45\n", "order_summary": {"order_id": "1169", "strategy_tag": "SIM1", "index": "NIFTY", "strike": "26000", "quantity": "525", "expiry": "14TH OCT", "order_type": "BUY", "exchange": "NFO", "product": "NRML", "option_type": 1}, "mapped_order": {}, "order_status": "failed", "error_message": "No mapping found for index: NIFTY"}
2025-10-09 03:41:34.986 | INFO     | models:dump_data_to_log:115 | {"stoxxo_timestamp": "2025-10-09 03:41:34.349", "stoxxo_latency": "617ms", "application_timestamp": "2025-10-09 03:41:34.966", "sent_timestamp": "2025-10-08 22:11:34.986", "application_latency": -19799979, "pipeline_latency": -19799362, "stoxxo_order": "03:41:34:349,TRADING,Initiating Order Placement for User: SIMULATED1 (SIM1 - APITest); Leg ID: 1170; Symbol: NIFTY 14TH OCT 23750 PE; Qty: 525; Txn: BUY; Portfolio: FRI-NIFTY-14.45; IsExit: False; ExitSL: False; OrderType: MARKET; AtBroker: None,SIM1,TEST,FRI-NIFTY-14.45\n", "order_summary": {"order_id": "1170", "strategy_tag": "SIM1", "index": "NIFTY", "strike": "23750", "quantity": "525", "expiry": "14TH OCT", "order_type": "BUY", "exchange": "NFO", "product": "NRML", "option_type": 0}, "mapped_order": {}, "order_status": "failed", "error_message": "No mapping found for index: NIFTY"}
2025-10-09 03:41:34.989 | INFO     | models:dump_data_to_log:120 | {"stoxxo_timestamp": "2025-10-09 03:41:34.349", "stoxxo_latency": "617ms", "application_timestamp": "2025-10-09 03:41:34.966", "sent_timestamp": "2025-10-08 22:11:34.986", "application_latency": -19799979, "pipeline_latency": -19799362, "stoxxo_order": "03:41:34:349,TRADING,Initiating Order Placement for User: SIMULATED1 (SIM1 - APITest); Leg ID: 1170; Symbol: NIFTY 14TH OCT 23750 PE; Qty: 525; Txn: BUY; Portfolio: FRI-NIFTY-14.45; IsExit: False; ExitSL: False; OrderType: MARKET; AtBroker: None,SIM1,TEST,FRI-NIFTY-14.45\n", "order_summary": {"order_id": "1170", "strategy_tag": "SIM1", "index": "NIFTY", "strike": "23750", "quantity": "525", "expiry": "14TH OCT", "order_type": "BUY", "exchange": "NFO", "product": "NRML", "option_type": 0}, "mapped_order": {}, "order_status": "failed", "error_message": "No mapping found for index: NIFTY"}
2025-10-09 03:41:35.978 | INFO     | log_listner:_process_file_changes:350 | Queued 2 orders for processing from GridLog.csv
2025-10-09 03:41:35.979 | INFO     | models:dump_data_to_log:115 | {"stoxxo_timestamp": "2025-10-09 03:41:35.371", "stoxxo_latency": "604ms", "application_timestamp": "2025-10-09 03:41:35.975", "sent_timestamp": "2025-10-08 22:11:35.979", "application_latency": -19799996, "pipeline_latency": -19799391, "stoxxo_order": "03:41:35:371,TRADING,Initiating Order Placement for User: SIMULATED1 (SIM1 - APITest); Leg ID: 1167; Symbol: NIFTY 14TH OCT 25050 CE; Qty: 525; Txn: SELL; Portfolio: FRI-NIFTY-14.45; IsExit: False; ExitSL: False; OrderType: MARKET; AtBroker: None,SIM1,TEST,FRI-NIFTY-14.45\n", "order_summary": {"order_id": "1167", "strategy_tag": "SIM1", "index": "NIFTY", "strike": "25050", "quantity": "525", "expiry": "14TH OCT", "order_type": "SELL", "exchange": "NFO", "product": "NRML", "option_type": 1}, "mapped_order": {}, "order_status": "failed", "error_message": "No mapping found for index: NIFTY"}
2025-10-09 03:41:35.984 | INFO     | models:dump_data_to_log:120 | {"stoxxo_timestamp": "2025-10-09 03:41:35.371", "stoxxo_latency": "604ms", "application_timestamp": "2025-10-09 03:41:35.975", "sent_timestamp": "2025-10-08 22:11:35.979", "application_latency": -19799996, "pipeline_latency": -19799391, "stoxxo_order": "03:41:35:371,TRADING,Initiating Order Placement for User: SIMULATED1 (SIM1 - APITest); Leg ID: 1167; Symbol: NIFTY 14TH OCT 25050 CE; Qty: 525; Txn: SELL; Portfolio: FRI-NIFTY-14.45; IsExit: False; ExitSL: False; OrderType: MARKET; AtBroker: None,SIM1,TEST,FRI-NIFTY-14.45\n", "order_summary": {"order_id": "1167", "strategy_tag": "SIM1", "index": "NIFTY", "strike": "25050", "quantity": "525", "expiry": "14TH OCT", "order_type": "SELL", "exchange": "NFO", "product": "NRML", "option_type": 1}, "mapped_order": {}, "order_status": "failed", "error_message": "No mapping found for index: NIFTY"}
2025-10-09 03:41:35.989 | INFO     | models:dump_data_to_log:115 | {"stoxxo_timestamp": "2025-10-09 03:41:35.393", "stoxxo_latency": "582ms", "application_timestamp": "2025-10-09 03:41:35.975", "sent_timestamp": "2025-10-08 22:11:35.989", "application_latency": -19799986, "pipeline_latency": -19799403, "stoxxo_order": "03:41:35:393,TRADING,Initiating Order Placement for User: SIMULATED1 (SIM1 - APITest); Leg ID: 1168; Symbol: NIFTY 14TH OCT 25050 PE; Qty: 525; Txn: SELL; Portfolio: FRI-NIFTY-14.45; IsExit: False; ExitSL: False; OrderType: MARKET; AtBroker: None,SIM1,TEST,FRI-NIFTY-14.45\n", "order_summary": {"order_id": "1168", "strategy_tag": "SIM1", "index": "NIFTY", "strike": "25050", "quantity": "525", "expiry": "14TH OCT", "order_type": "SELL", "exchange": "NFO", "product": "NRML", "option_type": 0}, "mapped_order": {}, "order_status": "failed", "error_message": "No mapping found for index: NIFTY"}
2025-10-09 03:41:35.992 | INFO     | models:dump_data_to_log:120 | {"stoxxo_timestamp": "2025-10-09 03:41:35.393", "stoxxo_latency": "582ms", "application_timestamp": "2025-10-09 03:41:35.975", "sent_timestamp": "2025-10-08 22:11:35.989", "application_latency": -19799986, "pipeline_latency": -19799403, "stoxxo_order": "03:41:35:393,TRADING,Initiating Order Placement for User: SIMULATED1 (SIM1 - APITest); Leg ID: 1168; Symbol: NIFTY 14TH OCT 25050 PE; Qty: 525; Txn: SELL; Portfolio: FRI-NIFTY-14.45; IsExit: False; ExitSL: False; OrderType: MARKET; AtBroker: None,SIM1,TEST,FRI-NIFTY-14.45\n", "order_summary": {"order_id": "1168", "strategy_tag": "SIM1", "index": "NIFTY", "strike": "25050", "quantity": "525", "expiry": "14TH OCT", "order_type": "SELL", "exchange": "NFO", "product": "NRML", "option_type": 0}, "mapped_order": {}, "order_status": "failed", "error_message": "No mapping found for index: NIFTY"}
2025-10-09 03:48:33.025 | INFO     | __main__:main:126 | Shutdown signal received. Cleaning up...
2025-10-09 03:48:33.026 | INFO     | __main__:stop:88 | Stopping Order Processing System...
2025-10-09 03:48:33.027 | INFO     | log_listner:stop:479 | Stopping LogMonitor...
2025-10-09 03:48:33.027 | INFO     | log_listner:close:362 | Closed file handle
2025-10-09 03:48:33.029 | INFO     | log_listner:stop:485 | LogMonitor stopped
2025-10-09 03:48:33.031 | INFO     | __main__:stop:96 | System stopped successfully
